<?xml version="1.0" encoding="UTF-8"?>
<testsuite xmlns:xsi="http://www.w3.org/2001/XMLSchema-instance" xsi:noNamespaceSchemaLocation="https://maven.apache.org/surefire/maven-surefire-plugin/xsd/surefire-test-report-3.0.xsd" version="3.0" name="Controlador.ControladorTest" time="0.216" tests="4" errors="0" skipped="0" failures="0">
  <properties>
[...]
</properties>
  <testcase name="testAddEntrenador" classname="Controlador.ControladorTest" time="0.186">
    <system-out><![CDATA[addEntrenador
Conexion hecha
Conexion cerrada
]]></system-out>
  </testcase>
  <testcase name="testAddJugador" classname="Controlador.ControladorTest" time="0.004">
    <system-out><![CDATA[addJugador
Conexion hecha
Conexion cerrada
]]></system-out>
  </testcase>
  <testcase name="testRemoveEntrenador" classname="Controlador.ControladorTest" time="0.004">
    <system-out><![CDATA[removeEntrenador
Conexion hecha
Conexion cerrada
]]></system-out>
  </testcase>
  <testcase name="testRemoveJugador" classname="Controlador.ControladorTest" time="0.004">
    <system-out><![CDATA[removeJugador
Conexion hecha
Conexion cerrada
]]></system-out>
  </testcase>
</testsuite>